0 info it worked if it ends with ok
1 verbose cli [ 'C:\\nodejs\\\\node.exe',
1 verbose cli   'C:\\nodejs\\node_modules\\npm\\bin\\npm-cli.js',
1 verbose cli   'install',
1 verbose cli   '-g',
1 verbose cli   'ngCordova',
1 verbose cli   '--save' ]
2 info using npm@2.9.1
3 info using node@v0.12.3
4 verbose node symlink C:\nodejs\\node.exe
5 verbose install initial load of C:\Users\Jean eric et cat\AppData\Roaming\npm\package.json
6 verbose readDependencies loading dependencies from C:\Users\Jean eric et cat\AppData\Roaming\npm\package.json
7 silly cache add args [ 'ngCordova', null ]
8 verbose cache add spec ngCordova
9 silly cache add parsed spec { raw: 'ngCordova',
9 silly cache add   scope: null,
9 silly cache add   name: 'ngCordova',
9 silly cache add   rawSpec: '',
9 silly cache add   spec: '*',
9 silly cache add   type: 'range' }
10 silly addNamed ngCordova@*
11 verbose addNamed "*" is a valid semver range for ngCordova
12 silly addNameRange { name: 'ngCordova', range: '*', hasData: false }
13 silly mapToRegistry name ngCordova
14 silly mapToRegistry using default registry
15 silly mapToRegistry registry https://registry.npmjs.org/
16 silly mapToRegistry uri https://registry.npmjs.org/ngCordova
17 verbose addNameRange registry:https://registry.npmjs.org/ngCordova not in flight; fetching
18 verbose request uri https://registry.npmjs.org/ngCordova
19 verbose request no auth needed
20 info attempt registry request try #1 at 17:31:16
21 verbose request id 004c655b7ef1e6d1
22 http request GET https://registry.npmjs.org/ngCordova
23 http 404 https://registry.npmjs.org/ngCordova
24 verbose headers { 'content-type': 'application/json',
24 verbose headers   'cache-control': 'max-age=0',
24 verbose headers   'content-length': '2',
24 verbose headers   'accept-ranges': 'bytes',
24 verbose headers   date: 'Tue, 20 Sep 2016 15:31:18 GMT',
24 verbose headers   via: '1.1 varnish',
24 verbose headers   age: '0',
24 verbose headers   connection: 'keep-alive',
24 verbose headers   'x-served-by': 'cache-lhr6338-LHR',
24 verbose headers   'x-cache': 'MISS',
24 verbose headers   'x-cache-hits': '0',
24 verbose headers   'x-timer': 'S1474385477.277893,VS0,VE723',
24 verbose headers   vary: 'Accept-Encoding' }
25 silly get cb [ 404,
25 silly get   { 'content-type': 'application/json',
25 silly get     'cache-control': 'max-age=0',
25 silly get     'content-length': '2',
25 silly get     'accept-ranges': 'bytes',
25 silly get     date: 'Tue, 20 Sep 2016 15:31:18 GMT',
25 silly get     via: '1.1 varnish',
25 silly get     age: '0',
25 silly get     connection: 'keep-alive',
25 silly get     'x-served-by': 'cache-lhr6338-LHR',
25 silly get     'x-cache': 'MISS',
25 silly get     'x-cache-hits': '0',
25 silly get     'x-timer': 'S1474385477.277893,VS0,VE723',
25 silly get     vary: 'Accept-Encoding' } ]
26 verbose stack Error: Registry returned 404 for GET on https://registry.npmjs.org/ngCordova
26 verbose stack     at CachingRegistryClient.<anonymous> (C:\nodejs\node_modules\npm\node_modules\npm-registry-client\lib\request.js:239:14)
26 verbose stack     at Request._callback (C:\nodejs\node_modules\npm\node_modules\npm-registry-client\lib\request.js:170:14)
26 verbose stack     at Request.self.callback (C:\nodejs\node_modules\npm\node_modules\request\request.js:368:22)
26 verbose stack     at Request.emit (events.js:110:17)
26 verbose stack     at Request.<anonymous> (C:\nodejs\node_modules\npm\node_modules\request\request.js:1219:14)
26 verbose stack     at Request.emit (events.js:129:20)
26 verbose stack     at IncomingMessage.<anonymous> (C:\nodejs\node_modules\npm\node_modules\request\request.js:1167:12)
26 verbose stack     at IncomingMessage.emit (events.js:129:20)
26 verbose stack     at _stream_readable.js:908:16
26 verbose stack     at process._tickCallback (node.js:355:11)
27 verbose statusCode 404
28 verbose pkgid ngCordova
29 verbose cwd C:\cordova\gai
30 error Windows_NT 6.3.9600
31 error argv "C:\\nodejs\\\\node.exe" "C:\\nodejs\\node_modules\\npm\\bin\\npm-cli.js" "install" "-g" "ngCordova" "--save"
32 error node v0.12.3
33 error npm  v2.9.1
34 error code E404
35 error 404 Registry returned 404 for GET on https://registry.npmjs.org/ngCordova
35 error 404
35 error 404 'ngCordova' is not in the npm registry.
35 error 404 You should bug the author to publish it (or use the name yourself!)
35 error 404
35 error 404 Note that you can also install from a
35 error 404 tarball, folder, http url, or git url.
36 verbose exit [ 1, true ]
